
> eskridge.dev@0.1.0 build C:\Users\andye\Development\eskridge
> next build

info  - Loaded env from C:\Users\andye\Development\eskridge\.env.local
warn  - You have enabled experimental feature (scrollRestoration) in next.config.mjs.
warn  - Experimental features are not covered by semver, and may cause unexpected or broken application behavior. Use at your own risk.

Warning: Contentlayer might not work as expected on Windows
Generated 2 documents in .contentlayer
info  - Linting and checking validity of types...
info  - Creating an optimized production build...
info  - Compiled successfully
info  - Collecting page data...
info  - Generating static pages (0/8)
info  - Generating static pages (2/8)
info  - Generating static pages (4/8)
info  - Generating static pages (6/8)
info  - Generating static pages (8/8)
info  - Finalizing page optimization...

Route (pages)                               Size     First Load JS
┌ ● / (390 ms)                              6.29 kB         103 kB
├   /_app                                   0 B            96.6 kB
├ ○ /404                                    181 B          96.8 kB
├ ○ /about (388 ms)                         3.44 kB         100 kB
├ λ /api/feed                               0 B            96.6 kB
├ λ /api/sitemap                            0 B            96.6 kB
├ ● /articles (388 ms)                      1.62 kB        98.2 kB
├ ● /articles/[slug] (804 ms)               1.34 kB        97.9 kB
├   ├ /articles/crdts (403 ms)
├   └ /articles/typescript-issues (401 ms)
└ ○ /thank-you (380 ms)                     716 B          97.3 kB
+ First Load JS shared by all               103 kB
  ├ chunks/framework-581f102fc68ef277.js    45.4 kB
  ├ chunks/main-21a37fef326885c0.js         31 kB
  ├ chunks/pages/_app-65d34622a31ae525.js   19.4 kB
  ├ chunks/webpack-59c5c889f52620d6.js      819 B
  └ css/d42aa43ed74ecc6d.css                6.58 kB

λ  (Server)  server-side renders at runtime (uses getInitialProps or getServerSideProps)
○  (Static)  automatically rendered as static HTML (uses no initial props)
●  (SSG)     automatically generated as static HTML + JSON (uses getStaticProps)

